nohup: ignoring input

  .   ____          _            __ _ _
 /\\ / ___'_ __ _ _(_)_ __  __ _ \ \ \ \
( ( )\___ | '_ | '_| | '_ \/ _` | \ \ \ \
 \\/  ___)| |_)| | | | | || (_| |  ) ) ) )
  '  |____| .__|_| |_|_| |_\__, | / / / /
 =========|_|==============|___/=/_/_/_/

 :: Spring Boot ::                (v4.0.3)

2026-03-04T11:49:28.138+05:30  INFO 165709 --- [url-shortener] [           main] c.s.u.UrlshortenerApplication            : Starting UrlshortenerApplication v0.0.1-SNAPSHOT using Java 17.0.18 with PID 165709 (/home/sachin/Documents/Project/url-shortener/target/urlshortener-0.0.1-SNAPSHOT.jar started by sachin in /home/sachin/Documents/Project/url-shortener)
2026-03-04T11:49:28.143+05:30 DEBUG 165709 --- [url-shortener] [           main] c.s.u.UrlshortenerApplication            : Running with Spring Boot v4.0.3, Spring v7.0.5
2026-03-04T11:49:28.144+05:30  INFO 165709 --- [url-shortener] [           main] c.s.u.UrlshortenerApplication            : No active profile set, falling back to 1 default profile: "default"
2026-03-04T11:49:29.134+05:30  INFO 165709 --- [url-shortener] [           main] .s.d.r.c.RepositoryConfigurationDelegate : Bootstrapping Spring Data JPA repositories in DEFAULT mode.
2026-03-04T11:49:29.167+05:30  INFO 165709 --- [url-shortener] [           main] .s.d.r.c.RepositoryConfigurationDelegate : Finished Spring Data repository scanning in 17 ms. Found 0 JPA repository interfaces.
2026-03-04T11:49:29.858+05:30  INFO 165709 --- [url-shortener] [           main] o.s.boot.tomcat.TomcatWebServer          : Tomcat initialized with port 8080 (http)
2026-03-04T11:49:29.878+05:30  INFO 165709 --- [url-shortener] [           main] o.apache.catalina.core.StandardService   : Starting service [Tomcat]
2026-03-04T11:49:29.879+05:30  INFO 165709 --- [url-shortener] [           main] o.apache.catalina.core.StandardEngine    : Starting Servlet engine: [Apache Tomcat/11.0.18]
2026-03-04T11:49:29.934+05:30  INFO 165709 --- [url-shortener] [           main] b.w.c.s.WebApplicationContextInitializer : Root WebApplicationContext: initialization completed in 1709 ms
2026-03-04T11:49:30.241+05:30  INFO 165709 --- [url-shortener] [           main] org.hibernate.orm.jpa                    : HHH008540: Processing PersistenceUnitInfo [name: default]
2026-03-04T11:49:30.327+05:30  INFO 165709 --- [url-shortener] [           main] org.hibernate.orm.core                   : HHH000001: Hibernate ORM core version 7.2.4.Final
2026-03-04T11:49:31.000+05:30  INFO 165709 --- [url-shortener] [           main] o.s.o.j.p.SpringPersistenceUnitInfo      : No LoadTimeWeaver setup: ignoring JPA class transformer
2026-03-04T11:49:31.034+05:30  INFO 165709 --- [url-shortener] [           main] com.zaxxer.hikari.HikariDataSource       : HikariPool-1 - Starting...
2026-03-04T11:49:31.425+05:30  INFO 165709 --- [url-shortener] [           main] com.zaxxer.hikari.pool.HikariPool        : HikariPool-1 - Added connection org.postgresql.jdbc.PgConnection@35e689a0
2026-03-04T11:49:31.427+05:30  INFO 165709 --- [url-shortener] [           main] com.zaxxer.hikari.HikariDataSource       : HikariPool-1 - Start completed.
2026-03-04T11:49:31.462+05:30  WARN 165709 --- [url-shortener] [           main] org.hibernate.orm.deprecation            : HHH90000025: PostgreSQLDialect does not need to be specified explicitly using 'hibernate.dialect' (remove the property setting and it will be selected by default)
2026-03-04T11:49:31.491+05:30  INFO 165709 --- [url-shortener] [           main] org.hibernate.orm.connections.pooling    : HHH10001005: Database info:
	Database JDBC URL [jdbc:postgresql://localhost:5432/urlshortener]
	Database driver: PostgreSQL JDBC Driver
	Database dialect: PostgreSQLDialect
	Database version: 16.11
	Default catalog/schema: urlshortener/public
	Autocommit mode: undefined/unknown
	Isolation level: READ_COMMITTED [default READ_COMMITTED]
	JDBC fetch size: none
	Pool: DataSourceConnectionProvider
	Minimum pool size: undefined/unknown
	Maximum pool size: undefined/unknown
2026-03-04T11:49:32.114+05:30  INFO 165709 --- [url-shortener] [           main] org.hibernate.orm.core                   : HHH000489: No JTA platform available (set 'hibernate.transaction.jta.platform' to enable JTA platform integration)
2026-03-04T11:49:32.124+05:30  INFO 165709 --- [url-shortener] [           main] j.LocalContainerEntityManagerFactoryBean : Initialized JPA EntityManagerFactory for persistence unit 'default'
2026-03-04T11:49:32.206+05:30  WARN 165709 --- [url-shortener] [           main] JpaBaseConfiguration$JpaWebConfiguration : spring.jpa.open-in-view is enabled by default. Therefore, database queries may be performed during view rendering. Explicitly configure spring.jpa.open-in-view to disable this warning
2026-03-04T11:49:32.706+05:30  INFO 165709 --- [url-shortener] [           main] o.s.boot.tomcat.TomcatWebServer          : Tomcat started on port 8080 (http) with context path '/'
2026-03-04T11:49:32.718+05:30  INFO 165709 --- [url-shortener] [           main] c.s.u.UrlshortenerApplication            : Started UrlshortenerApplication in 5.384 seconds (process running for 6.055)
2026-03-04T11:50:02.260+05:30  INFO 165709 --- [url-shortener] [nio-8080-exec-1] o.a.c.c.C.[Tomcat].[localhost].[/]       : Initializing Spring DispatcherServlet 'dispatcherServlet'
2026-03-04T11:50:02.261+05:30  INFO 165709 --- [url-shortener] [nio-8080-exec-1] o.s.web.servlet.DispatcherServlet        : Initializing Servlet 'dispatcherServlet'
2026-03-04T11:50:02.263+05:30  INFO 165709 --- [url-shortener] [nio-8080-exec-1] o.s.web.servlet.DispatcherServlet        : Completed initialization in 2 ms
